2022-04-08 03:50:45,079-INFO-display_server.py:227 presenter server is starting...
2022-04-08 03:50:45,080-INFO-presenter_server.py:79 presenter server starting, type: display
2022-04-08 04:02:23,201-INFO-presenter_socket_server.py:254 create new connection:client-ip:192.168.0.2, client-port:37162, fd:10
2022-04-08 04:02:23,203-ERROR-presenter_socket_server.py:354 channel name object is not exist.
2022-04-08 04:02:23,204-INFO-channel_manager.py:216 register channel: object
2022-04-08 04:02:23,205-INFO-channel_handler.py:215 create videothread-object...
2022-04-08 04:02:23,205-INFO-channel_manager.py:127 create channel resource, channel_name:object, channel_fd:10, media_type:video
2022-04-08 04:02:42,017-INFO-display_server.py:189 response image 1 request
2022-04-08 04:02:42,062-INFO-display_server.py:189 response image 2 request
2022-04-08 04:02:42,107-INFO-display_server.py:189 response image 3 request
2022-04-08 04:02:42,152-INFO-display_server.py:189 response image 4 request
2022-04-08 04:02:42,195-INFO-display_server.py:189 response image 5 request
2022-04-08 04:02:42,240-INFO-display_server.py:189 response image 6 request
2022-04-08 04:02:42,284-INFO-display_server.py:189 response image 7 request
2022-04-08 04:02:42,327-INFO-display_server.py:189 response image 8 request
2022-04-08 04:02:42,371-INFO-display_server.py:189 response image 9 request
2022-04-08 04:02:42,414-INFO-display_server.py:189 response image 10 request
2022-04-08 04:02:42,458-INFO-display_server.py:189 response image 11 request
2022-04-08 04:02:42,501-INFO-display_server.py:189 response image 12 request
2022-04-08 04:02:42,544-INFO-display_server.py:189 response image 13 request
2022-04-08 04:02:42,588-INFO-display_server.py:189 response image 14 request
2022-04-08 04:02:42,631-INFO-display_server.py:189 response image 15 request
2022-04-08 04:02:42,674-INFO-display_server.py:189 response image 16 request
2022-04-08 04:02:42,718-INFO-display_server.py:189 response image 17 request
2022-04-08 04:02:42,760-INFO-display_server.py:189 response image 18 request
2022-04-08 04:02:42,802-INFO-display_server.py:189 response image 19 request
2022-04-08 04:02:42,845-INFO-display_server.py:189 response image 20 request
2022-04-08 04:02:42,887-INFO-display_server.py:189 response image 21 request
2022-04-08 04:02:42,930-INFO-display_server.py:189 response image 22 request
2022-04-08 04:02:42,974-INFO-display_server.py:189 response image 23 request
2022-04-08 04:02:43,019-INFO-display_server.py:189 response image 24 request
2022-04-08 04:02:43,064-INFO-display_server.py:189 response image 25 request
2022-04-08 04:02:43,109-INFO-display_server.py:189 response image 26 request
2022-04-08 04:02:43,151-INFO-display_server.py:189 response image 27 request
2022-04-08 04:02:43,193-INFO-display_server.py:189 response image 28 request
2022-04-08 04:02:43,235-INFO-display_server.py:189 response image 29 request
2022-04-08 04:02:43,278-INFO-display_server.py:189 response image 30 request
2022-04-08 04:02:43,321-INFO-display_server.py:189 response image 31 request
2022-04-08 04:02:43,364-INFO-display_server.py:189 response image 32 request
2022-04-08 04:02:43,407-INFO-display_server.py:189 response image 33 request
2022-04-08 04:02:43,450-INFO-display_server.py:189 response image 34 request
2022-04-08 04:02:43,492-INFO-display_server.py:189 response image 35 request
2022-04-08 04:02:43,535-INFO-display_server.py:189 response image 36 request
2022-04-08 04:02:43,580-INFO-display_server.py:189 response image 37 request
2022-04-08 04:02:43,626-INFO-display_server.py:189 response image 38 request
2022-04-08 04:02:43,668-INFO-display_server.py:189 response image 39 request
2022-04-08 04:02:43,711-INFO-display_server.py:189 response image 40 request
2022-04-08 04:02:43,754-INFO-display_server.py:189 response image 41 request
2022-04-08 04:02:43,797-INFO-display_server.py:189 response image 42 request
2022-04-08 04:02:43,839-INFO-display_server.py:189 response image 43 request
2022-04-08 04:02:43,882-INFO-display_server.py:189 response image 44 request
2022-04-08 04:02:43,926-INFO-display_server.py:189 response image 45 request
2022-04-08 04:02:43,970-INFO-display_server.py:189 response image 46 request
2022-04-08 04:02:44,014-INFO-display_server.py:189 response image 47 request
2022-04-08 04:02:44,058-INFO-display_server.py:189 response image 48 request
2022-04-08 04:02:44,102-INFO-display_server.py:189 response image 49 request
2022-04-08 04:02:44,146-INFO-display_server.py:189 response image 50 request
2022-04-08 04:02:44,190-INFO-display_server.py:189 response image 51 request
2022-04-08 04:02:44,236-INFO-display_server.py:189 response image 52 request
2022-04-08 04:02:44,278-INFO-display_server.py:189 response image 53 request
2022-04-08 04:02:44,321-INFO-display_server.py:189 response image 54 request
2022-04-08 04:02:44,367-INFO-display_server.py:189 response image 55 request
2022-04-08 04:02:44,409-INFO-display_server.py:189 response image 56 request
2022-04-08 04:02:44,452-INFO-display_server.py:189 response image 57 request
2022-04-08 04:02:44,495-INFO-display_server.py:189 response image 58 request
2022-04-08 04:02:44,537-INFO-display_server.py:189 response image 59 request
2022-04-08 04:02:44,579-INFO-display_server.py:189 response image 60 request
2022-04-08 04:02:44,621-INFO-display_server.py:189 response image 61 request
2022-04-08 04:02:44,663-INFO-display_server.py:189 response image 62 request
2022-04-08 04:02:44,705-INFO-display_server.py:189 response image 63 request
2022-04-08 04:02:44,748-INFO-display_server.py:189 response image 64 request
2022-04-08 04:02:44,792-INFO-display_server.py:189 response image 65 request
2022-04-08 04:02:44,834-INFO-display_server.py:189 response image 66 request
2022-04-08 04:02:44,878-INFO-display_server.py:189 response image 67 request
2022-04-08 04:02:44,920-INFO-display_server.py:189 response image 68 request
2022-04-08 04:02:44,963-INFO-display_server.py:189 response image 69 request
2022-04-08 04:02:45,007-INFO-display_server.py:189 response image 70 request
2022-04-08 04:02:45,050-INFO-display_server.py:189 response image 71 request
2022-04-08 04:02:45,094-INFO-display_server.py:189 response image 72 request
2022-04-08 04:02:45,137-INFO-display_server.py:189 response image 73 request
2022-04-08 04:02:45,181-INFO-display_server.py:189 response image 74 request
2022-04-08 04:02:45,225-INFO-display_server.py:189 response image 75 request
2022-04-08 04:02:45,282-INFO-display_server.py:189 response image 76 request
2022-04-08 04:02:45,326-INFO-display_server.py:189 response image 77 request
2022-04-08 04:02:45,369-INFO-display_server.py:189 response image 78 request
2022-04-08 04:02:45,411-INFO-display_server.py:189 response image 79 request
2022-04-08 04:02:45,457-INFO-display_server.py:189 response image 80 request
2022-04-08 04:02:45,499-INFO-display_server.py:189 response image 81 request
2022-04-08 04:02:45,542-INFO-display_server.py:189 response image 82 request
2022-04-08 04:02:45,584-INFO-display_server.py:189 response image 83 request
2022-04-08 04:02:45,627-INFO-display_server.py:189 response image 84 request
2022-04-08 04:02:45,672-INFO-display_server.py:189 response image 85 request
2022-04-08 04:02:45,714-INFO-display_server.py:189 response image 86 request
2022-04-08 04:02:45,757-INFO-display_server.py:189 response image 87 request
2022-04-08 04:02:45,800-INFO-display_server.py:189 response image 88 request
2022-04-08 04:02:45,844-INFO-display_server.py:189 response image 89 request
2022-04-08 04:02:45,888-INFO-display_server.py:189 response image 90 request
2022-04-08 04:02:45,932-INFO-display_server.py:189 response image 91 request
2022-04-08 04:02:45,975-INFO-display_server.py:189 response image 92 request
2022-04-08 04:02:46,019-INFO-display_server.py:189 response image 93 request
2022-04-08 04:02:46,062-INFO-display_server.py:189 response image 94 request
2022-04-08 04:02:46,105-INFO-display_server.py:189 response image 95 request
2022-04-08 04:02:46,148-INFO-display_server.py:189 response image 96 request
2022-04-08 04:02:46,191-INFO-display_server.py:189 response image 97 request
2022-04-08 04:02:46,234-INFO-display_server.py:189 response image 98 request
2022-04-08 04:02:46,277-INFO-display_server.py:189 response image 99 request
2022-04-08 04:02:46,320-INFO-display_server.py:189 response image 100 request
2022-04-08 04:02:46,364-INFO-display_server.py:189 response image 101 request
2022-04-08 04:02:46,407-INFO-display_server.py:189 response image 102 request
2022-04-08 04:02:46,450-INFO-display_server.py:189 response image 103 request
2022-04-08 04:02:46,494-INFO-display_server.py:189 response image 104 request
2022-04-08 04:02:46,537-INFO-display_server.py:189 response image 105 request
2022-04-08 04:02:46,581-INFO-display_server.py:189 response image 106 request
2022-04-08 04:02:46,625-INFO-display_server.py:189 response image 107 request
2022-04-08 04:02:46,668-INFO-display_server.py:189 response image 108 request
2022-04-08 04:02:46,712-INFO-display_server.py:189 response image 109 request
2022-04-08 04:02:46,756-INFO-display_server.py:189 response image 110 request
2022-04-08 04:02:46,800-INFO-display_server.py:189 response image 111 request
2022-04-08 04:02:46,843-INFO-display_server.py:189 response image 112 request
2022-04-08 04:02:46,887-INFO-display_server.py:189 response image 113 request
2022-04-08 04:02:46,932-INFO-display_server.py:189 response image 114 request
2022-04-08 04:02:46,976-INFO-display_server.py:189 response image 115 request
2022-04-08 04:02:47,020-INFO-display_server.py:189 response image 116 request
2022-04-08 04:02:47,064-INFO-display_server.py:189 response image 117 request
2022-04-08 04:02:47,109-INFO-display_server.py:189 response image 118 request
2022-04-08 04:02:47,153-INFO-display_server.py:189 response image 119 request
2022-04-08 04:02:47,197-INFO-display_server.py:189 response image 120 request
2022-04-08 04:02:47,241-INFO-display_server.py:189 response image 121 request
2022-04-08 04:02:47,285-INFO-display_server.py:189 response image 122 request
2022-04-08 04:02:47,330-INFO-display_server.py:189 response image 123 request
2022-04-08 04:02:47,374-INFO-display_server.py:189 response image 124 request
2022-04-08 04:02:47,419-INFO-display_server.py:189 response image 125 request
2022-04-08 04:02:47,464-INFO-display_server.py:189 response image 126 request
2022-04-08 04:02:47,508-INFO-display_server.py:189 response image 127 request
2022-04-08 04:02:47,551-INFO-display_server.py:189 response image 128 request
2022-04-08 04:02:47,596-INFO-display_server.py:189 response image 129 request
2022-04-08 04:02:47,639-INFO-display_server.py:189 response image 130 request
2022-04-08 04:02:47,683-INFO-display_server.py:189 response image 131 request
2022-04-08 04:02:47,726-INFO-display_server.py:189 response image 132 request
2022-04-08 04:02:47,771-INFO-display_server.py:189 response image 133 request
2022-04-08 04:02:47,815-INFO-display_server.py:189 response image 134 request
2022-04-08 04:02:47,860-INFO-display_server.py:189 response image 135 request
2022-04-08 04:02:47,909-INFO-display_server.py:189 response image 136 request
2022-04-08 04:02:47,952-INFO-display_server.py:189 response image 137 request
2022-04-08 04:02:47,996-INFO-display_server.py:189 response image 138 request
2022-04-08 04:02:48,040-INFO-display_server.py:189 response image 139 request
2022-04-08 04:02:48,085-INFO-display_server.py:189 response image 140 request
2022-04-08 04:02:48,130-INFO-display_server.py:189 response image 141 request
2022-04-08 04:02:48,174-INFO-display_server.py:189 response image 142 request
2022-04-08 04:02:48,217-INFO-display_server.py:189 response image 143 request
2022-04-08 04:02:48,260-INFO-display_server.py:189 response image 144 request
2022-04-08 04:02:48,304-INFO-display_server.py:189 response image 145 request
2022-04-08 04:02:48,347-INFO-display_server.py:189 response image 146 request
2022-04-08 04:02:48,391-INFO-display_server.py:189 response image 147 request
2022-04-08 04:02:48,436-INFO-display_server.py:189 response image 148 request
2022-04-08 04:02:48,481-INFO-display_server.py:189 response image 149 request
2022-04-08 04:02:48,525-INFO-display_server.py:189 response image 150 request
2022-04-08 04:02:48,570-INFO-display_server.py:189 response image 151 request
2022-04-08 04:02:48,614-INFO-display_server.py:189 response image 152 request
2022-04-08 04:02:48,658-INFO-display_server.py:189 response image 153 request
2022-04-08 04:02:48,702-INFO-display_server.py:189 response image 154 request
2022-04-08 04:02:48,746-INFO-display_server.py:189 response image 155 request
2022-04-08 04:02:48,790-INFO-display_server.py:189 response image 156 request
2022-04-08 04:02:48,832-INFO-display_server.py:189 response image 157 request
2022-04-08 04:02:48,876-INFO-display_server.py:189 response image 158 request
2022-04-08 04:02:48,919-INFO-display_server.py:189 response image 159 request
2022-04-08 04:02:48,962-INFO-display_server.py:189 response image 160 request
2022-04-08 04:02:49,004-INFO-display_server.py:189 response image 161 request
2022-04-08 04:02:49,046-INFO-display_server.py:189 response image 162 request
2022-04-08 04:02:49,088-INFO-display_server.py:189 response image 163 request
2022-04-08 04:02:49,131-INFO-display_server.py:189 response image 164 request
2022-04-08 04:02:49,172-INFO-display_server.py:189 response image 165 request
2022-04-08 04:02:49,214-INFO-display_server.py:189 response image 166 request
2022-04-08 04:02:49,256-INFO-display_server.py:189 response image 167 request
2022-04-08 04:02:49,298-INFO-display_server.py:189 response image 168 request
2022-04-08 04:02:49,341-INFO-display_server.py:189 response image 169 request
2022-04-08 04:02:49,384-INFO-display_server.py:189 response image 170 request
2022-04-08 04:02:49,427-INFO-display_server.py:189 response image 171 request
2022-04-08 04:02:49,470-INFO-display_server.py:189 response image 172 request
2022-04-08 04:02:49,513-INFO-display_server.py:189 response image 173 request
2022-04-08 04:02:49,556-INFO-display_server.py:189 response image 174 request
2022-04-08 04:02:49,599-INFO-display_server.py:189 response image 175 request
2022-04-08 04:02:49,641-INFO-display_server.py:189 response image 176 request
2022-04-08 04:02:49,682-INFO-display_server.py:189 response image 177 request
2022-04-08 04:02:49,723-INFO-display_server.py:189 response image 178 request
2022-04-08 04:02:49,764-INFO-display_server.py:189 response image 179 request
2022-04-08 04:02:49,805-INFO-display_server.py:189 response image 180 request
2022-04-08 04:02:49,847-INFO-display_server.py:189 response image 181 request
2022-04-08 04:02:49,889-INFO-display_server.py:189 response image 182 request
2022-04-08 04:02:49,930-INFO-display_server.py:189 response image 183 request
2022-04-08 04:02:49,971-INFO-display_server.py:189 response image 184 request
2022-04-08 04:02:50,012-INFO-display_server.py:189 response image 185 request
2022-04-08 04:02:50,053-INFO-display_server.py:189 response image 186 request
2022-04-08 04:02:50,094-INFO-display_server.py:189 response image 187 request
2022-04-08 04:02:50,135-INFO-display_server.py:189 response image 188 request
2022-04-08 04:02:50,181-INFO-display_server.py:189 response image 189 request
2022-04-08 04:02:50,222-INFO-display_server.py:189 response image 190 request
2022-04-08 04:02:50,264-INFO-display_server.py:189 response image 191 request
2022-04-08 04:02:50,306-INFO-display_server.py:189 response image 192 request
2022-04-08 04:02:50,349-INFO-display_server.py:189 response image 193 request
2022-04-08 04:02:50,389-INFO-display_server.py:189 response image 194 request
2022-04-08 04:02:50,431-INFO-display_server.py:189 response image 195 request
2022-04-08 04:02:50,472-INFO-display_server.py:189 response image 196 request
2022-04-08 04:02:50,515-INFO-display_server.py:189 response image 197 request
2022-04-08 04:02:50,559-INFO-display_server.py:189 response image 198 request
2022-04-08 04:02:50,602-INFO-display_server.py:189 response image 199 request
2022-04-08 04:02:50,646-INFO-display_server.py:189 response image 200 request
2022-04-08 04:02:50,689-INFO-display_server.py:189 response image 201 request
2022-04-08 04:02:50,732-INFO-display_server.py:189 response image 202 request
2022-04-08 04:02:50,774-INFO-display_server.py:189 response image 203 request
2022-04-08 04:02:50,816-INFO-display_server.py:189 response image 204 request
2022-04-08 04:02:50,858-INFO-display_server.py:189 response image 205 request
2022-04-08 04:02:50,900-INFO-display_server.py:189 response image 206 request
2022-04-08 04:02:50,943-INFO-display_server.py:189 response image 207 request
2022-04-08 04:02:50,987-INFO-display_server.py:189 response image 208 request
2022-04-08 04:02:51,030-INFO-display_server.py:189 response image 209 request
2022-04-08 04:02:51,073-INFO-display_server.py:189 response image 210 request
2022-04-08 04:02:51,116-INFO-display_server.py:189 response image 211 request
2022-04-08 04:02:51,160-INFO-display_server.py:189 response image 212 request
2022-04-08 04:02:51,204-INFO-display_server.py:189 response image 213 request
2022-04-08 04:02:51,247-INFO-display_server.py:189 response image 214 request
2022-04-08 04:02:51,290-INFO-display_server.py:189 response image 215 request
2022-04-08 04:02:51,331-INFO-display_server.py:189 response image 216 request
2022-04-08 04:02:51,373-INFO-display_server.py:189 response image 217 request
2022-04-08 04:02:51,416-INFO-display_server.py:189 response image 218 request
2022-04-08 04:02:51,461-INFO-display_server.py:189 response image 219 request
2022-04-08 04:02:51,506-INFO-display_server.py:189 response image 220 request
2022-04-08 04:02:51,550-INFO-display_server.py:189 response image 221 request
2022-04-08 04:02:51,594-INFO-display_server.py:189 response image 222 request
2022-04-08 04:02:51,638-INFO-display_server.py:189 response image 223 request
2022-04-08 04:02:51,682-INFO-display_server.py:189 response image 224 request
2022-04-08 04:02:51,725-INFO-display_server.py:189 response image 225 request
2022-04-08 04:02:51,769-INFO-display_server.py:189 response image 226 request
2022-04-08 04:02:51,813-INFO-display_server.py:189 response image 227 request
2022-04-08 04:02:51,857-INFO-display_server.py:189 response image 228 request
2022-04-08 04:02:51,901-INFO-display_server.py:189 response image 229 request
2022-04-08 04:02:51,944-INFO-display_server.py:189 response image 230 request
2022-04-08 04:02:51,988-INFO-display_server.py:189 response image 231 request
2022-04-08 04:02:52,032-INFO-display_server.py:189 response image 232 request
2022-04-08 04:02:52,076-INFO-display_server.py:189 response image 233 request
2022-04-08 04:02:52,120-INFO-display_server.py:189 response image 234 request
2022-04-08 04:02:52,163-INFO-display_server.py:189 response image 235 request
2022-04-08 04:02:52,207-INFO-display_server.py:189 response image 236 request
2022-04-08 04:02:52,250-INFO-display_server.py:189 response image 237 request
2022-04-08 04:02:52,295-INFO-display_server.py:189 response image 238 request
2022-04-08 04:02:52,338-INFO-display_server.py:189 response image 239 request
2022-04-08 04:02:52,382-INFO-display_server.py:189 response image 240 request
2022-04-08 04:02:52,424-INFO-display_server.py:189 response image 241 request
2022-04-08 04:02:52,467-INFO-display_server.py:189 response image 242 request
2022-04-08 04:02:52,509-INFO-display_server.py:189 response image 243 request
2022-04-08 04:02:52,552-INFO-display_server.py:189 response image 244 request
2022-04-08 04:02:52,594-INFO-display_server.py:189 response image 245 request
2022-04-08 04:02:52,637-INFO-display_server.py:189 response image 246 request
2022-04-08 04:02:52,679-INFO-display_server.py:189 response image 247 request
2022-04-08 04:02:52,721-INFO-display_server.py:189 response image 248 request
2022-04-08 04:02:52,765-INFO-display_server.py:189 response image 249 request
2022-04-08 04:02:52,807-INFO-display_server.py:189 response image 250 request
2022-04-08 04:02:52,850-INFO-display_server.py:189 response image 251 request
2022-04-08 04:02:52,894-INFO-display_server.py:189 response image 252 request
2022-04-08 04:02:52,936-INFO-display_server.py:189 response image 253 request
2022-04-08 04:02:52,979-INFO-display_server.py:189 response image 254 request
2022-04-08 04:02:53,021-INFO-display_server.py:189 response image 255 request
2022-04-08 04:02:53,067-INFO-display_server.py:189 response image 256 request
2022-04-08 04:02:53,110-INFO-display_server.py:189 response image 257 request
2022-04-08 04:02:53,154-INFO-display_server.py:189 response image 258 request
2022-04-08 04:02:53,196-INFO-display_server.py:189 response image 259 request
2022-04-08 04:02:53,239-INFO-display_server.py:189 response image 260 request
2022-04-08 04:02:53,282-INFO-display_server.py:189 response image 261 request
2022-04-08 04:02:53,326-INFO-display_server.py:189 response image 262 request
2022-04-08 04:02:53,369-INFO-display_server.py:189 response image 263 request
2022-04-08 04:02:53,412-INFO-display_server.py:189 response image 264 request
2022-04-08 04:02:53,455-INFO-display_server.py:189 response image 265 request
2022-04-08 04:02:53,499-INFO-display_server.py:189 response image 266 request
2022-04-08 04:02:53,544-INFO-display_server.py:189 response image 267 request
2022-04-08 04:02:53,587-INFO-display_server.py:189 response image 268 request
2022-04-08 04:02:53,633-INFO-display_server.py:189 response image 269 request
2022-04-08 04:02:53,675-INFO-display_server.py:189 response image 270 request
2022-04-08 04:02:53,717-INFO-display_server.py:189 response image 271 request
2022-04-08 04:02:53,760-INFO-display_server.py:189 response image 272 request
2022-04-08 04:02:53,802-INFO-display_server.py:189 response image 273 request
2022-04-08 04:02:53,845-INFO-display_server.py:189 response image 274 request
2022-04-08 04:02:53,888-INFO-display_server.py:189 response image 275 request
2022-04-08 04:02:53,930-INFO-display_server.py:189 response image 276 request
2022-04-08 04:02:53,974-INFO-display_server.py:189 response image 277 request
2022-04-08 04:02:54,018-INFO-display_server.py:189 response image 278 request
2022-04-08 04:02:54,062-INFO-display_server.py:189 response image 279 request
2022-04-08 04:02:54,104-INFO-display_server.py:189 response image 280 request
2022-04-08 04:02:54,146-INFO-display_server.py:189 response image 281 request
2022-04-08 04:02:54,189-INFO-display_server.py:189 response image 282 request
2022-04-08 04:02:54,234-INFO-display_server.py:189 response image 283 request
2022-04-08 04:02:54,278-INFO-display_server.py:189 response image 284 request
2022-04-08 04:02:54,322-INFO-display_server.py:189 response image 285 request
2022-04-08 04:02:54,366-INFO-display_server.py:189 response image 286 request
2022-04-08 04:02:54,410-INFO-display_server.py:189 response image 287 request
2022-04-08 04:02:54,454-INFO-display_server.py:189 response image 288 request
2022-04-08 04:02:54,498-INFO-display_server.py:189 response image 289 request
2022-04-08 04:02:54,542-INFO-display_server.py:189 response image 290 request
2022-04-08 04:02:54,586-INFO-display_server.py:189 response image 291 request
2022-04-08 04:02:54,631-INFO-display_server.py:189 response image 292 request
2022-04-08 04:02:54,675-INFO-display_server.py:189 response image 293 request
2022-04-08 04:02:54,719-INFO-display_server.py:189 response image 294 request
2022-04-08 04:02:54,763-INFO-display_server.py:189 response image 295 request
2022-04-08 04:02:54,808-INFO-display_server.py:189 response image 296 request
2022-04-08 04:02:54,851-INFO-display_server.py:189 response image 297 request
2022-04-08 04:02:54,894-INFO-display_server.py:189 response image 298 request
2022-04-08 04:02:54,937-INFO-display_server.py:189 response image 299 request
2022-04-08 04:02:54,981-INFO-display_server.py:189 response image 300 request
2022-04-08 04:02:55,026-INFO-display_server.py:189 response image 301 request
2022-04-08 04:02:55,070-INFO-display_server.py:189 response image 302 request
2022-04-08 04:02:55,114-INFO-display_server.py:189 response image 303 request
2022-04-08 04:02:55,157-INFO-display_server.py:189 response image 304 request
2022-04-08 04:02:55,202-INFO-display_server.py:189 response image 305 request
2022-04-08 04:02:55,245-INFO-display_server.py:189 response image 306 request
2022-04-08 04:02:55,288-INFO-display_server.py:189 response image 307 request
2022-04-08 04:02:55,331-INFO-display_server.py:189 response image 308 request
2022-04-08 04:02:55,376-INFO-display_server.py:189 response image 309 request
2022-04-08 04:02:55,420-INFO-display_server.py:189 response image 310 request
2022-04-08 04:02:55,465-INFO-display_server.py:189 response image 311 request
2022-04-08 04:02:55,509-INFO-display_server.py:189 response image 312 request
2022-04-08 04:02:55,553-INFO-display_server.py:189 response image 313 request
2022-04-08 04:02:55,598-INFO-display_server.py:189 response image 314 request
2022-04-08 04:02:55,641-INFO-display_server.py:189 response image 315 request
2022-04-08 04:02:55,685-INFO-display_server.py:189 response image 316 request
2022-04-08 04:02:55,727-INFO-display_server.py:189 response image 317 request
2022-04-08 04:02:55,769-INFO-display_server.py:189 response image 318 request
2022-04-08 04:02:55,814-INFO-display_server.py:189 response image 319 request
2022-04-08 04:02:55,856-INFO-display_server.py:189 response image 320 request
2022-04-08 04:02:55,899-INFO-display_server.py:189 response image 321 request
2022-04-08 04:02:55,942-INFO-display_server.py:189 response image 322 request
2022-04-08 04:02:55,986-INFO-display_server.py:189 response image 323 request
2022-04-08 04:02:56,029-INFO-display_server.py:189 response image 324 request
2022-04-08 04:02:56,070-INFO-display_server.py:189 response image 325 request
2022-04-08 04:02:56,113-INFO-display_server.py:189 response image 326 request
2022-04-08 04:02:56,156-INFO-display_server.py:189 response image 327 request
2022-04-08 04:02:56,197-INFO-display_server.py:189 response image 328 request
2022-04-08 04:02:56,239-INFO-display_server.py:189 response image 329 request
2022-04-08 04:02:56,283-INFO-display_server.py:189 response image 330 request
2022-04-08 04:02:56,327-INFO-display_server.py:189 response image 331 request
2022-04-08 04:02:56,370-INFO-display_server.py:189 response image 332 request
2022-04-08 04:02:56,412-INFO-display_server.py:189 response image 333 request
2022-04-08 04:02:56,455-INFO-display_server.py:189 response image 334 request
2022-04-08 04:02:56,497-INFO-display_server.py:189 response image 335 request
2022-04-08 04:02:56,541-INFO-display_server.py:189 response image 336 request
2022-04-08 04:02:56,585-INFO-display_server.py:189 response image 337 request
2022-04-08 04:02:56,629-INFO-display_server.py:189 response image 338 request
2022-04-08 04:02:56,671-INFO-display_server.py:189 response image 339 request
2022-04-08 04:02:56,714-INFO-display_server.py:189 response image 340 request
2022-04-08 04:02:56,758-INFO-display_server.py:189 response image 341 request
2022-04-08 04:02:56,800-INFO-display_server.py:189 response image 342 request
2022-04-08 04:02:56,843-INFO-display_server.py:189 response image 343 request
2022-04-08 04:02:56,887-INFO-display_server.py:189 response image 344 request
2022-04-08 04:02:56,931-INFO-display_server.py:189 response image 345 request
2022-04-08 04:02:56,972-INFO-display_server.py:189 response image 346 request
2022-04-08 04:02:57,015-INFO-display_server.py:189 response image 347 request
2022-04-08 04:02:57,057-INFO-display_server.py:189 response image 348 request
2022-04-08 04:02:57,100-INFO-display_server.py:189 response image 349 request
2022-04-08 04:02:57,143-INFO-display_server.py:189 response image 350 request
2022-04-08 04:02:57,187-INFO-display_server.py:189 response image 351 request
2022-04-08 04:02:57,230-INFO-display_server.py:189 response image 352 request
2022-04-08 04:02:57,275-INFO-display_server.py:189 response image 353 request
2022-04-08 04:02:57,319-INFO-display_server.py:189 response image 354 request
2022-04-08 04:02:57,364-INFO-display_server.py:189 response image 355 request
2022-04-08 04:02:57,407-INFO-display_server.py:189 response image 356 request
2022-04-08 04:02:57,450-INFO-display_server.py:189 response image 357 request
2022-04-08 04:02:57,493-INFO-display_server.py:189 response image 358 request
2022-04-08 04:02:57,536-INFO-display_server.py:189 response image 359 request
2022-04-08 04:02:57,580-INFO-display_server.py:189 response image 360 request
2022-04-08 04:02:57,622-INFO-display_server.py:189 response image 361 request
2022-04-08 04:02:57,665-INFO-display_server.py:189 response image 362 request
2022-04-08 04:02:57,708-INFO-display_server.py:189 response image 363 request
2022-04-08 04:02:57,753-INFO-display_server.py:189 response image 364 request
2022-04-08 04:02:57,795-INFO-display_server.py:189 response image 365 request
2022-04-08 04:02:57,839-INFO-display_server.py:189 response image 366 request
2022-04-08 04:02:57,881-INFO-display_server.py:189 response image 367 request
2022-04-08 04:02:57,924-INFO-display_server.py:189 response image 368 request
2022-04-08 04:02:57,965-INFO-display_server.py:189 response image 369 request
2022-04-08 04:02:58,008-INFO-display_server.py:189 response image 370 request
2022-04-08 04:02:58,052-INFO-display_server.py:189 response image 371 request
2022-04-08 04:02:58,094-INFO-display_server.py:189 response image 372 request
2022-04-08 04:02:58,139-INFO-display_server.py:189 response image 373 request
2022-04-08 04:02:58,183-INFO-display_server.py:189 response image 374 request
2022-04-08 04:02:58,225-INFO-display_server.py:189 response image 375 request
2022-04-08 04:02:58,267-INFO-display_server.py:189 response image 376 request
2022-04-08 04:02:58,310-INFO-display_server.py:189 response image 377 request
2022-04-08 04:02:58,355-INFO-display_server.py:189 response image 378 request
2022-04-08 04:02:58,398-INFO-display_server.py:189 response image 379 request
2022-04-08 04:02:58,440-INFO-display_server.py:189 response image 380 request
2022-04-08 04:02:58,483-INFO-display_server.py:189 response image 381 request
2022-04-08 04:02:58,525-INFO-display_server.py:189 response image 382 request
2022-04-08 04:02:58,568-INFO-display_server.py:189 response image 383 request
2022-04-08 04:02:58,610-INFO-display_server.py:189 response image 384 request
2022-04-08 04:02:58,654-INFO-display_server.py:189 response image 385 request
2022-04-08 04:02:58,696-INFO-display_server.py:189 response image 386 request
2022-04-08 04:02:58,739-INFO-display_server.py:189 response image 387 request
2022-04-08 04:02:58,781-INFO-display_server.py:189 response image 388 request
2022-04-08 04:02:58,824-INFO-display_server.py:189 response image 389 request
2022-04-08 04:02:58,867-INFO-display_server.py:189 response image 390 request
2022-04-08 04:02:58,910-INFO-display_server.py:189 response image 391 request
2022-04-08 04:02:58,952-INFO-display_server.py:189 response image 392 request
2022-04-08 04:02:58,996-INFO-display_server.py:189 response image 393 request
2022-04-08 04:02:59,039-INFO-display_server.py:189 response image 394 request
2022-04-08 04:02:59,082-INFO-display_server.py:189 response image 395 request
2022-04-08 04:02:59,125-INFO-display_server.py:189 response image 396 request
2022-04-08 04:02:59,168-INFO-display_server.py:189 response image 397 request
2022-04-08 04:02:59,211-INFO-display_server.py:189 response image 398 request
2022-04-08 04:02:59,255-INFO-display_server.py:189 response image 399 request
2022-04-08 04:02:59,298-INFO-display_server.py:189 response image 400 request
2022-04-08 04:02:59,341-INFO-display_server.py:189 response image 401 request
2022-04-08 04:02:59,385-INFO-display_server.py:189 response image 402 request
2022-04-08 04:02:59,429-INFO-display_server.py:189 response image 403 request
2022-04-08 04:02:59,473-INFO-display_server.py:189 response image 404 request
2022-04-08 04:02:59,515-INFO-display_server.py:189 response image 405 request
2022-04-08 04:02:59,558-INFO-display_server.py:189 response image 406 request
2022-04-08 04:02:59,601-INFO-display_server.py:189 response image 407 request
2022-04-08 04:02:59,643-INFO-display_server.py:189 response image 408 request
2022-04-08 04:02:59,685-INFO-display_server.py:189 response image 409 request
2022-04-08 04:03:00,711-ERROR-presenter_socket_server.py:142 socket 10 receive msg head null
2022-04-08 04:03:00,712-ERROR-presenter_socket_server.py:204 msg_total_len is None.
2022-04-08 04:03:00,712-INFO-display_server.py:61 clean fd:10, conns:{10: <socket.socket fd=10, family=AddressFamily.AF_INET, type=SocketKind.SOCK_STREAM, proto=0, laddr=('192.168.0.2', 7006), raddr=('192.168.0.2', 37162)>}
2022-04-08 04:03:00,713-INFO-channel_handler.py:124 videothread-object set _close_thread_switch True
2022-04-08 04:03:00,714-INFO-channel_manager.py:139 clean channel: object's resource
2022-04-08 04:03:00,725-INFO-channel_handler.py:226 Stop thread:videothread-object.
2022-04-08 04:03:04,742-INFO-presenter_socket_server.py:254 create new connection:client-ip:192.168.0.2, client-port:53158, fd:10
2022-04-08 04:03:04,743-INFO-channel_handler.py:215 create videothread-object...
2022-04-08 04:03:04,743-INFO-channel_manager.py:127 create channel resource, channel_name:object, channel_fd:10, media_type:video
2022-04-08 04:03:07,026-INFO-display_server.py:189 response image 410 request
2022-04-08 04:03:07,116-INFO-display_server.py:189 response image 411 request
2022-04-08 04:03:07,165-INFO-display_server.py:189 response image 412 request
2022-04-08 04:03:07,208-INFO-display_server.py:189 response image 413 request
2022-04-08 04:03:07,251-INFO-display_server.py:189 response image 414 request
2022-04-08 04:03:07,296-INFO-display_server.py:189 response image 415 request
2022-04-08 04:03:07,342-INFO-display_server.py:189 response image 416 request
2022-04-08 04:03:07,386-INFO-display_server.py:189 response image 417 request
2022-04-08 04:03:07,431-INFO-display_server.py:189 response image 418 request
2022-04-08 04:03:07,474-INFO-display_server.py:189 response image 419 request
2022-04-08 04:03:07,519-INFO-display_server.py:189 response image 420 request
2022-04-08 04:03:07,561-INFO-display_server.py:189 response image 421 request
2022-04-08 04:03:07,604-INFO-display_server.py:189 response image 422 request
2022-04-08 04:03:07,647-INFO-display_server.py:189 response image 423 request
2022-04-08 04:03:07,693-INFO-display_server.py:189 response image 424 request
2022-04-08 04:03:07,737-INFO-display_server.py:189 response image 425 request
2022-04-08 04:03:07,780-INFO-display_server.py:189 response image 426 request
2022-04-08 04:03:07,822-INFO-display_server.py:189 response image 427 request
2022-04-08 04:03:07,865-INFO-display_server.py:189 response image 428 request
2022-04-08 04:03:07,910-INFO-display_server.py:189 response image 429 request
2022-04-08 04:03:07,954-INFO-display_server.py:189 response image 430 request
2022-04-08 04:03:07,999-INFO-display_server.py:189 response image 431 request
2022-04-08 04:03:08,043-INFO-display_server.py:189 response image 432 request
2022-04-08 04:03:08,087-INFO-display_server.py:189 response image 433 request
2022-04-08 04:03:08,132-INFO-display_server.py:189 response image 434 request
2022-04-08 04:03:08,176-INFO-display_server.py:189 response image 435 request
2022-04-08 04:03:08,221-INFO-display_server.py:189 response image 436 request
2022-04-08 04:03:08,264-INFO-display_server.py:189 response image 437 request
2022-04-08 04:03:08,307-INFO-display_server.py:189 response image 438 request
2022-04-08 04:03:08,351-INFO-display_server.py:189 response image 439 request
2022-04-08 04:03:08,395-INFO-display_server.py:189 response image 440 request
2022-04-08 04:03:08,440-INFO-display_server.py:189 response image 441 request
2022-04-08 04:03:08,485-INFO-display_server.py:189 response image 442 request
2022-04-08 04:03:08,529-INFO-display_server.py:189 response image 443 request
2022-04-08 04:03:08,573-INFO-display_server.py:189 response image 444 request
2022-04-08 04:03:08,617-INFO-display_server.py:189 response image 445 request
2022-04-08 04:03:08,662-INFO-display_server.py:189 response image 446 request
2022-04-08 04:03:08,706-INFO-display_server.py:189 response image 447 request
2022-04-08 04:03:08,750-INFO-display_server.py:189 response image 448 request
2022-04-08 04:03:08,794-INFO-display_server.py:189 response image 449 request
2022-04-08 04:03:08,838-INFO-display_server.py:189 response image 450 request
2022-04-08 04:03:08,882-INFO-display_server.py:189 response image 451 request
2022-04-08 04:03:08,926-INFO-display_server.py:189 response image 452 request
2022-04-08 04:03:08,970-INFO-display_server.py:189 response image 453 request
2022-04-08 04:03:09,014-INFO-display_server.py:189 response image 454 request
2022-04-08 04:03:09,057-INFO-display_server.py:189 response image 455 request
2022-04-08 04:03:09,101-INFO-display_server.py:189 response image 456 request
2022-04-08 04:03:09,144-INFO-display_server.py:189 response image 457 request
2022-04-08 04:03:09,188-INFO-display_server.py:189 response image 458 request
2022-04-08 04:03:09,232-INFO-display_server.py:189 response image 459 request
2022-04-08 04:03:09,276-INFO-display_server.py:189 response image 460 request
2022-04-08 04:03:09,319-INFO-display_server.py:189 response image 461 request
2022-04-08 04:03:09,364-INFO-display_server.py:189 response image 462 request
2022-04-08 04:03:09,408-INFO-display_server.py:189 response image 463 request
2022-04-08 04:03:09,454-INFO-display_server.py:189 response image 464 request
2022-04-08 04:03:09,496-INFO-display_server.py:189 response image 465 request
2022-04-08 04:03:09,541-INFO-display_server.py:189 response image 466 request
2022-04-08 04:03:09,586-INFO-display_server.py:189 response image 467 request
2022-04-08 04:03:09,630-INFO-display_server.py:189 response image 468 request
2022-04-08 04:03:09,673-INFO-display_server.py:189 response image 469 request
2022-04-08 04:03:09,718-INFO-display_server.py:189 response image 470 request
2022-04-08 04:03:09,761-INFO-display_server.py:189 response image 471 request
2022-04-08 04:03:09,805-INFO-display_server.py:189 response image 472 request
2022-04-08 04:03:09,848-INFO-display_server.py:189 response image 473 request
2022-04-08 04:03:09,892-INFO-display_server.py:189 response image 474 request
2022-04-08 04:03:09,936-INFO-display_server.py:189 response image 475 request
2022-04-08 04:03:09,980-INFO-display_server.py:189 response image 476 request
2022-04-08 04:03:10,023-INFO-display_server.py:189 response image 477 request
2022-04-08 04:03:10,067-INFO-display_server.py:189 response image 478 request
2022-04-08 04:03:10,111-INFO-display_server.py:189 response image 479 request
2022-04-08 04:03:10,154-INFO-display_server.py:189 response image 480 request
2022-04-08 04:03:10,198-INFO-display_server.py:189 response image 481 request
2022-04-08 04:03:10,241-INFO-display_server.py:189 response image 482 request
2022-04-08 04:03:10,285-INFO-display_server.py:189 response image 483 request
2022-04-08 04:03:10,328-INFO-display_server.py:189 response image 484 request
2022-04-08 04:03:10,370-INFO-display_server.py:189 response image 485 request
2022-04-08 04:03:10,413-INFO-display_server.py:189 response image 486 request
2022-04-08 04:03:10,456-INFO-display_server.py:189 response image 487 request
2022-04-08 04:03:10,499-INFO-display_server.py:189 response image 488 request
2022-04-08 04:03:10,542-INFO-display_server.py:189 response image 489 request
2022-04-08 04:03:10,585-INFO-display_server.py:189 response image 490 request
2022-04-08 04:03:10,630-INFO-display_server.py:189 response image 491 request
2022-04-08 04:03:10,674-INFO-display_server.py:189 response image 492 request
2022-04-08 04:03:10,717-INFO-display_server.py:189 response image 493 request
2022-04-08 04:03:10,762-INFO-display_server.py:189 response image 494 request
2022-04-08 04:03:10,806-INFO-display_server.py:189 response image 495 request
2022-04-08 04:03:10,850-INFO-display_server.py:189 response image 496 request
2022-04-08 04:03:10,894-INFO-display_server.py:189 response image 497 request
2022-04-08 04:03:10,938-INFO-display_server.py:189 response image 498 request
2022-04-08 04:03:10,983-INFO-display_server.py:189 response image 499 request
2022-04-08 04:03:11,026-INFO-display_server.py:189 response image 500 request
2022-04-08 04:03:11,070-INFO-display_server.py:189 response image 501 request
2022-04-08 04:03:11,114-INFO-display_server.py:189 response image 502 request
2022-04-08 04:03:11,158-INFO-display_server.py:189 response image 503 request
2022-04-08 04:03:11,201-INFO-display_server.py:189 response image 504 request
2022-04-08 04:03:11,243-INFO-display_server.py:189 response image 505 request
2022-04-08 04:03:11,285-INFO-display_server.py:189 response image 506 request
2022-04-08 04:03:11,327-INFO-display_server.py:189 response image 507 request
2022-04-08 04:03:11,369-INFO-display_server.py:189 response image 508 request
2022-04-08 04:03:11,411-INFO-display_server.py:189 response image 509 request
2022-04-08 04:03:11,454-INFO-display_server.py:189 response image 510 request
2022-04-08 04:03:11,496-INFO-display_server.py:189 response image 511 request
2022-04-08 04:03:11,538-INFO-display_server.py:189 response image 512 request
2022-04-08 04:03:11,580-INFO-display_server.py:189 response image 513 request
2022-04-08 04:03:11,623-INFO-display_server.py:189 response image 514 request
2022-04-08 04:03:11,665-INFO-display_server.py:189 response image 515 request
2022-04-08 04:03:11,707-INFO-display_server.py:189 response image 516 request
2022-04-08 04:03:11,749-INFO-display_server.py:189 response image 517 request
2022-04-08 04:03:11,792-INFO-display_server.py:189 response image 518 request
2022-04-08 04:03:11,835-INFO-display_server.py:189 response image 519 request
2022-04-08 04:03:11,879-INFO-display_server.py:189 response image 520 request
2022-04-08 04:03:11,923-INFO-display_server.py:189 response image 521 request
2022-04-08 04:03:11,968-INFO-display_server.py:189 response image 522 request
2022-04-08 04:03:12,012-INFO-display_server.py:189 response image 523 request
2022-04-08 04:03:12,057-INFO-display_server.py:189 response image 524 request
2022-04-08 04:03:12,101-INFO-display_server.py:189 response image 525 request
2022-04-08 04:03:12,144-INFO-display_server.py:189 response image 526 request
2022-04-08 04:03:12,186-INFO-display_server.py:189 response image 527 request
2022-04-08 04:03:12,229-INFO-display_server.py:189 response image 528 request
2022-04-08 04:03:12,272-INFO-display_server.py:189 response image 529 request
2022-04-08 04:03:12,316-INFO-display_server.py:189 response image 530 request
2022-04-08 04:03:12,361-INFO-display_server.py:189 response image 531 request
2022-04-08 04:03:12,405-INFO-display_server.py:189 response image 532 request
2022-04-08 04:03:12,450-INFO-display_server.py:189 response image 533 request
2022-04-08 04:03:12,495-INFO-display_server.py:189 response image 534 request
2022-04-08 04:03:12,539-INFO-display_server.py:189 response image 535 request
2022-04-08 04:03:12,583-INFO-display_server.py:189 response image 536 request
2022-04-08 04:03:12,629-INFO-display_server.py:189 response image 537 request
2022-04-08 04:03:12,673-INFO-display_server.py:189 response image 538 request
2022-04-08 04:03:12,716-INFO-display_server.py:189 response image 539 request
2022-04-08 04:03:12,759-INFO-display_server.py:189 response image 540 request
2022-04-08 04:03:12,803-INFO-display_server.py:189 response image 541 request
2022-04-08 04:03:12,846-INFO-display_server.py:189 response image 542 request
2022-04-08 04:03:12,890-INFO-display_server.py:189 response image 543 request
2022-04-08 04:03:12,933-INFO-display_server.py:189 response image 544 request
2022-04-08 04:03:12,977-INFO-display_server.py:189 response image 545 request
2022-04-08 04:03:13,020-INFO-display_server.py:189 response image 546 request
2022-04-08 04:03:13,063-INFO-display_server.py:189 response image 547 request
2022-04-08 04:03:13,107-INFO-display_server.py:189 response image 548 request
2022-04-08 04:03:13,150-INFO-display_server.py:189 response image 549 request
2022-04-08 04:03:13,193-INFO-display_server.py:189 response image 550 request
2022-04-08 04:03:13,237-INFO-display_server.py:189 response image 551 request
2022-04-08 04:03:13,283-INFO-display_server.py:189 response image 552 request
2022-04-08 04:03:13,328-INFO-display_server.py:189 response image 553 request
2022-04-08 04:03:13,373-INFO-display_server.py:189 response image 554 request
2022-04-08 04:03:13,417-INFO-display_server.py:189 response image 555 request
2022-04-08 04:03:13,463-INFO-display_server.py:189 response image 556 request
2022-04-08 04:03:13,508-INFO-display_server.py:189 response image 557 request
2022-04-08 04:03:13,553-INFO-display_server.py:189 response image 558 request
2022-04-08 04:03:13,598-INFO-display_server.py:189 response image 559 request
2022-04-08 04:03:13,643-INFO-display_server.py:189 response image 560 request
2022-04-08 04:03:13,686-INFO-display_server.py:189 response image 561 request
2022-04-08 04:03:13,729-INFO-display_server.py:189 response image 562 request
2022-04-08 04:03:13,773-INFO-display_server.py:189 response image 563 request
2022-04-08 04:03:13,817-INFO-display_server.py:189 response image 564 request
2022-04-08 04:03:13,861-INFO-display_server.py:189 response image 565 request
2022-04-08 04:03:13,905-INFO-display_server.py:189 response image 566 request
2022-04-08 04:03:13,949-INFO-display_server.py:189 response image 567 request
2022-04-08 04:03:13,992-INFO-display_server.py:189 response image 568 request
2022-04-08 04:03:14,034-INFO-display_server.py:189 response image 569 request
2022-04-08 04:03:14,078-INFO-display_server.py:189 response image 570 request
2022-04-08 04:03:14,119-INFO-display_server.py:189 response image 571 request
2022-04-08 04:03:14,161-INFO-display_server.py:189 response image 572 request
2022-04-08 04:03:14,204-INFO-display_server.py:189 response image 573 request
2022-04-08 04:03:14,248-INFO-display_server.py:189 response image 574 request
2022-04-08 04:03:14,291-INFO-display_server.py:189 response image 575 request
2022-04-08 04:03:14,333-INFO-display_server.py:189 response image 576 request
2022-04-08 04:03:14,376-INFO-display_server.py:189 response image 577 request
2022-04-08 04:03:14,419-INFO-display_server.py:189 response image 578 request
2022-04-08 04:03:14,463-INFO-display_server.py:189 response image 579 request
2022-04-08 04:03:14,506-INFO-display_server.py:189 response image 580 request
2022-04-08 04:03:14,549-INFO-display_server.py:189 response image 581 request
2022-04-08 04:03:14,590-INFO-display_server.py:189 response image 582 request
2022-04-08 04:03:14,632-INFO-display_server.py:189 response image 583 request
2022-04-08 04:03:14,674-INFO-display_server.py:189 response image 584 request
2022-04-08 04:03:14,715-INFO-display_server.py:189 response image 585 request
2022-04-08 04:03:14,757-INFO-display_server.py:189 response image 586 request
2022-04-08 04:03:14,799-INFO-display_server.py:189 response image 587 request
2022-04-08 04:03:14,841-INFO-display_server.py:189 response image 588 request
2022-04-08 04:03:14,883-INFO-display_server.py:189 response image 589 request
2022-04-08 04:03:14,924-INFO-display_server.py:189 response image 590 request
2022-04-08 04:03:14,966-INFO-display_server.py:189 response image 591 request
2022-04-08 04:03:15,009-INFO-display_server.py:189 response image 592 request
2022-04-08 04:03:15,051-INFO-display_server.py:189 response image 593 request
2022-04-08 04:03:15,092-INFO-display_server.py:189 response image 594 request
2022-04-08 04:03:15,134-INFO-display_server.py:189 response image 595 request
2022-04-08 04:03:15,176-INFO-display_server.py:189 response image 596 request
2022-04-08 04:03:15,219-INFO-display_server.py:189 response image 597 request
2022-04-08 04:03:15,260-INFO-display_server.py:189 response image 598 request
2022-04-08 04:03:15,302-INFO-display_server.py:189 response image 599 request
2022-04-08 04:03:15,343-INFO-display_server.py:189 response image 600 request
2022-04-08 04:03:15,384-INFO-display_server.py:189 response image 601 request
2022-04-08 04:03:15,427-INFO-display_server.py:189 response image 602 request
2022-04-08 04:03:15,469-INFO-display_server.py:189 response image 603 request
2022-04-08 04:03:15,512-INFO-display_server.py:189 response image 604 request
2022-04-08 04:03:15,556-INFO-display_server.py:189 response image 605 request
2022-04-08 04:03:15,598-INFO-display_server.py:189 response image 606 request
2022-04-08 04:03:15,640-INFO-display_server.py:189 response image 607 request
2022-04-08 04:03:15,682-INFO-display_server.py:189 response image 608 request
2022-04-08 04:03:15,724-INFO-display_server.py:189 response image 609 request
2022-04-08 04:03:15,767-INFO-display_server.py:189 response image 610 request
2022-04-08 04:03:15,809-INFO-display_server.py:189 response image 611 request
2022-04-08 04:03:15,851-INFO-display_server.py:189 response image 612 request
2022-04-08 04:03:15,894-INFO-display_server.py:189 response image 613 request
2022-04-08 04:03:15,937-INFO-display_server.py:189 response image 614 request
2022-04-08 04:03:15,980-INFO-display_server.py:189 response image 615 request
2022-04-08 04:03:16,023-INFO-display_server.py:189 response image 616 request
2022-04-08 04:03:16,066-INFO-display_server.py:189 response image 617 request
2022-04-08 04:03:16,109-INFO-display_server.py:189 response image 618 request
2022-04-08 04:03:16,153-INFO-display_server.py:189 response image 619 request
2022-04-08 04:03:16,196-INFO-display_server.py:189 response image 620 request
2022-04-08 04:03:16,239-INFO-display_server.py:189 response image 621 request
2022-04-08 04:03:16,283-INFO-display_server.py:189 response image 622 request
2022-04-08 04:03:16,326-INFO-display_server.py:189 response image 623 request
2022-04-08 04:03:16,370-INFO-display_server.py:189 response image 624 request
2022-04-08 04:03:16,414-INFO-display_server.py:189 response image 625 request
2022-04-08 04:03:16,457-INFO-display_server.py:189 response image 626 request
2022-04-08 04:03:16,498-INFO-display_server.py:189 response image 627 request
2022-04-08 04:03:16,541-INFO-display_server.py:189 response image 628 request
2022-04-08 04:03:16,585-INFO-display_server.py:189 response image 629 request
2022-04-08 04:03:16,628-INFO-display_server.py:189 response image 630 request
2022-04-08 04:03:16,672-INFO-display_server.py:189 response image 631 request
2022-04-08 04:03:16,715-INFO-display_server.py:189 response image 632 request
2022-04-08 04:03:16,758-INFO-display_server.py:189 response image 633 request
2022-04-08 04:03:16,802-INFO-display_server.py:189 response image 634 request
2022-04-08 04:03:16,846-INFO-display_server.py:189 response image 635 request
2022-04-08 04:03:16,890-INFO-display_server.py:189 response image 636 request
2022-04-08 04:03:16,934-INFO-display_server.py:189 response image 637 request
2022-04-08 04:03:16,978-INFO-display_server.py:189 response image 638 request
2022-04-08 04:03:17,022-INFO-display_server.py:189 response image 639 request
2022-04-08 04:03:17,066-INFO-display_server.py:189 response image 640 request
2022-04-08 04:03:17,110-INFO-display_server.py:189 response image 641 request
2022-04-08 04:03:17,154-INFO-display_server.py:189 response image 642 request
2022-04-08 04:03:17,198-INFO-display_server.py:189 response image 643 request
2022-04-08 04:03:17,242-INFO-display_server.py:189 response image 644 request
2022-04-08 04:03:17,285-INFO-display_server.py:189 response image 645 request
2022-04-08 04:03:17,329-INFO-display_server.py:189 response image 646 request
2022-04-08 04:03:17,373-INFO-display_server.py:189 response image 647 request
2022-04-08 04:03:17,416-INFO-display_server.py:189 response image 648 request
2022-04-08 04:03:17,460-INFO-display_server.py:189 response image 649 request
2022-04-08 04:03:17,503-INFO-display_server.py:189 response image 650 request
2022-04-08 04:03:17,547-INFO-display_server.py:189 response image 651 request
2022-04-08 04:03:17,590-INFO-display_server.py:189 response image 652 request
2022-04-08 04:03:17,632-INFO-display_server.py:189 response image 653 request
2022-04-08 04:03:17,675-INFO-display_server.py:189 response image 654 request
2022-04-08 04:03:17,717-INFO-display_server.py:189 response image 655 request
2022-04-08 04:03:17,759-INFO-display_server.py:189 response image 656 request
2022-04-08 04:03:17,802-INFO-display_server.py:189 response image 657 request
2022-04-08 04:03:17,844-INFO-display_server.py:189 response image 658 request
2022-04-08 04:03:17,887-INFO-display_server.py:189 response image 659 request
2022-04-08 04:03:17,929-INFO-display_server.py:189 response image 660 request
2022-04-08 04:03:17,971-INFO-display_server.py:189 response image 661 request
2022-04-08 04:03:18,014-INFO-display_server.py:189 response image 662 request
2022-04-08 04:03:18,056-INFO-display_server.py:189 response image 663 request
2022-04-08 04:03:18,099-INFO-display_server.py:189 response image 664 request
2022-04-08 04:03:18,141-INFO-display_server.py:189 response image 665 request
2022-04-08 04:03:18,183-INFO-display_server.py:189 response image 666 request
2022-04-08 04:03:18,226-INFO-display_server.py:189 response image 667 request
2022-04-08 04:03:18,268-INFO-display_server.py:189 response image 668 request
2022-04-08 04:03:18,310-INFO-display_server.py:189 response image 669 request
2022-04-08 04:03:18,353-INFO-display_server.py:189 response image 670 request
2022-04-08 04:03:18,395-INFO-display_server.py:189 response image 671 request
2022-04-08 04:03:18,438-INFO-display_server.py:189 response image 672 request
2022-04-08 04:03:18,480-INFO-display_server.py:189 response image 673 request
2022-04-08 04:03:18,523-INFO-display_server.py:189 response image 674 request
2022-04-08 04:03:18,567-INFO-display_server.py:189 response image 675 request
2022-04-08 04:03:18,610-INFO-display_server.py:189 response image 676 request
2022-04-08 04:03:18,652-INFO-display_server.py:189 response image 677 request
2022-04-08 04:03:18,695-INFO-display_server.py:189 response image 678 request
2022-04-08 04:03:18,739-INFO-display_server.py:189 response image 679 request
2022-04-08 04:03:18,781-INFO-display_server.py:189 response image 680 request
2022-04-08 04:03:18,824-INFO-display_server.py:189 response image 681 request
2022-04-08 04:03:18,868-INFO-display_server.py:189 response image 682 request
2022-04-08 04:03:18,911-INFO-display_server.py:189 response image 683 request
2022-04-08 04:03:18,959-INFO-display_server.py:189 response image 684 request
2022-04-08 04:03:19,002-INFO-display_server.py:189 response image 685 request
2022-04-08 04:03:19,047-INFO-display_server.py:189 response image 686 request
2022-04-08 04:03:19,092-INFO-display_server.py:189 response image 687 request
2022-04-08 04:03:19,136-INFO-display_server.py:189 response image 688 request
2022-04-08 04:03:19,180-INFO-display_server.py:189 response image 689 request
2022-04-08 04:03:19,223-INFO-display_server.py:189 response image 690 request
2022-04-08 04:03:19,267-INFO-display_server.py:189 response image 691 request
2022-04-08 04:03:19,310-INFO-display_server.py:189 response image 692 request
2022-04-08 04:03:19,352-INFO-display_server.py:189 response image 693 request
2022-04-08 04:03:19,395-INFO-display_server.py:189 response image 694 request
2022-04-08 04:03:19,438-INFO-display_server.py:189 response image 695 request
2022-04-08 04:03:19,480-INFO-display_server.py:189 response image 696 request
2022-04-08 04:03:19,523-INFO-display_server.py:189 response image 697 request
2022-04-08 04:03:19,568-INFO-display_server.py:189 response image 698 request
2022-04-08 04:03:19,617-INFO-display_server.py:189 response image 699 request
2022-04-08 04:03:19,660-INFO-display_server.py:189 response image 700 request
2022-04-08 04:03:19,705-INFO-display_server.py:189 response image 701 request
2022-04-08 04:03:19,749-INFO-display_server.py:189 response image 702 request
2022-04-08 04:03:19,792-INFO-display_server.py:189 response image 703 request
2022-04-08 04:03:19,837-INFO-display_server.py:189 response image 704 request
2022-04-08 04:03:19,880-INFO-display_server.py:189 response image 705 request
2022-04-08 04:03:19,924-INFO-display_server.py:189 response image 706 request
2022-04-08 04:03:19,967-INFO-display_server.py:189 response image 707 request
2022-04-08 04:03:20,012-INFO-display_server.py:189 response image 708 request
2022-04-08 04:03:20,056-INFO-display_server.py:189 response image 709 request
2022-04-08 04:03:20,101-INFO-display_server.py:189 response image 710 request
2022-04-08 04:03:20,146-INFO-display_server.py:189 response image 711 request
2022-04-08 04:03:20,187-INFO-display_server.py:189 response image 712 request
2022-04-08 04:03:20,232-INFO-display_server.py:189 response image 713 request
2022-04-08 04:03:20,276-INFO-display_server.py:189 response image 714 request
2022-04-08 04:03:20,321-INFO-display_server.py:189 response image 715 request
2022-04-08 04:03:20,365-INFO-display_server.py:189 response image 716 request
2022-04-08 04:03:20,410-INFO-display_server.py:189 response image 717 request
2022-04-08 04:03:20,455-INFO-display_server.py:189 response image 718 request
2022-04-08 04:03:20,499-INFO-display_server.py:189 response image 719 request
2022-04-08 04:03:20,544-INFO-display_server.py:189 response image 720 request
2022-04-08 04:03:20,589-INFO-display_server.py:189 response image 721 request
2022-04-08 04:03:20,632-INFO-display_server.py:189 response image 722 request
2022-04-08 04:03:20,677-INFO-display_server.py:189 response image 723 request
2022-04-08 04:03:20,719-INFO-display_server.py:189 response image 724 request
2022-04-08 04:03:20,762-INFO-display_server.py:189 response image 725 request
2022-04-08 04:03:20,804-INFO-display_server.py:189 response image 726 request
2022-04-08 04:03:20,846-INFO-display_server.py:189 response image 727 request
2022-04-08 04:03:20,890-INFO-display_server.py:189 response image 728 request
2022-04-08 04:03:20,932-INFO-display_server.py:189 response image 729 request
2022-04-08 04:03:20,976-INFO-display_server.py:189 response image 730 request
2022-04-08 04:03:21,019-INFO-display_server.py:189 response image 731 request
2022-04-08 04:03:21,062-INFO-display_server.py:189 response image 732 request
2022-04-08 04:03:21,104-INFO-display_server.py:189 response image 733 request
2022-04-08 04:03:21,150-INFO-display_server.py:189 response image 734 request
2022-04-08 04:03:21,192-INFO-display_server.py:189 response image 735 request
2022-04-08 04:03:21,236-INFO-display_server.py:189 response image 736 request
2022-04-08 04:03:21,279-INFO-display_server.py:189 response image 737 request
2022-04-08 04:03:21,321-INFO-display_server.py:189 response image 738 request
2022-04-08 04:03:21,363-INFO-display_server.py:189 response image 739 request
2022-04-08 04:03:21,406-INFO-display_server.py:189 response image 740 request
2022-04-08 04:03:21,449-INFO-display_server.py:189 response image 741 request
2022-04-08 04:03:21,492-INFO-display_server.py:189 response image 742 request
2022-04-08 04:03:21,536-INFO-display_server.py:189 response image 743 request
2022-04-08 04:03:21,580-INFO-display_server.py:189 response image 744 request
2022-04-08 04:03:21,624-INFO-display_server.py:189 response image 745 request
2022-04-08 04:03:21,667-INFO-display_server.py:189 response image 746 request
2022-04-08 04:03:21,709-INFO-display_server.py:189 response image 747 request
2022-04-08 04:03:21,752-INFO-display_server.py:189 response image 748 request
2022-04-08 04:03:21,796-INFO-display_server.py:189 response image 749 request
2022-04-08 04:03:21,840-INFO-display_server.py:189 response image 750 request
2022-04-08 04:03:21,884-INFO-display_server.py:189 response image 751 request
2022-04-08 04:03:21,928-INFO-display_server.py:189 response image 752 request
2022-04-08 04:03:21,971-INFO-display_server.py:189 response image 753 request
2022-04-08 04:03:22,015-INFO-display_server.py:189 response image 754 request
2022-04-08 04:03:22,059-INFO-display_server.py:189 response image 755 request
2022-04-08 04:03:22,103-INFO-display_server.py:189 response image 756 request
2022-04-08 04:03:22,147-INFO-display_server.py:189 response image 757 request
2022-04-08 04:03:22,190-INFO-display_server.py:189 response image 758 request
2022-04-08 04:03:22,234-INFO-display_server.py:189 response image 759 request
2022-04-08 04:03:22,277-INFO-display_server.py:189 response image 760 request
2022-04-08 04:03:22,320-INFO-display_server.py:189 response image 761 request
2022-04-08 04:03:22,363-INFO-display_server.py:189 response image 762 request
2022-04-08 04:03:22,407-INFO-display_server.py:189 response image 763 request
2022-04-08 04:03:22,451-INFO-display_server.py:189 response image 764 request
2022-04-08 04:03:22,494-INFO-display_server.py:189 response image 765 request
2022-04-08 04:03:22,538-INFO-display_server.py:189 response image 766 request
2022-04-08 04:03:22,581-INFO-display_server.py:189 response image 767 request
2022-04-08 04:03:22,625-INFO-display_server.py:189 response image 768 request
2022-04-08 04:03:22,668-INFO-display_server.py:189 response image 769 request
2022-04-08 04:03:22,712-INFO-display_server.py:189 response image 770 request
2022-04-08 04:03:22,756-INFO-display_server.py:189 response image 771 request
2022-04-08 04:03:22,800-INFO-display_server.py:189 response image 772 request
2022-04-08 04:03:22,843-INFO-display_server.py:189 response image 773 request
2022-04-08 04:03:22,888-INFO-display_server.py:189 response image 774 request
2022-04-08 04:03:22,930-INFO-display_server.py:189 response image 775 request
2022-04-08 04:03:22,973-INFO-display_server.py:189 response image 776 request
2022-04-08 04:03:23,016-INFO-display_server.py:189 response image 777 request
2022-04-08 04:03:23,059-INFO-display_server.py:189 response image 778 request
2022-04-08 04:03:23,103-INFO-display_server.py:189 response image 779 request
2022-04-08 04:03:23,146-INFO-display_server.py:189 response image 780 request
2022-04-08 04:03:23,189-INFO-display_server.py:189 response image 781 request
2022-04-08 04:03:23,233-INFO-display_server.py:189 response image 782 request
2022-04-08 04:03:23,277-INFO-display_server.py:189 response image 783 request
2022-04-08 04:03:23,321-INFO-display_server.py:189 response image 784 request
2022-04-08 04:03:23,363-INFO-display_server.py:189 response image 785 request
2022-04-08 04:03:23,406-INFO-display_server.py:189 response image 786 request
2022-04-08 04:03:23,449-INFO-display_server.py:189 response image 787 request
2022-04-08 04:03:23,492-INFO-display_server.py:189 response image 788 request
2022-04-08 04:03:23,535-INFO-display_server.py:189 response image 789 request
2022-04-08 04:03:23,578-INFO-display_server.py:189 response image 790 request
2022-04-08 04:03:23,622-INFO-display_server.py:189 response image 791 request
2022-04-08 04:03:23,668-INFO-display_server.py:189 response image 792 request
2022-04-08 04:03:23,711-INFO-display_server.py:189 response image 793 request
2022-04-08 04:03:23,754-INFO-display_server.py:189 response image 794 request
2022-04-08 04:03:23,796-INFO-display_server.py:189 response image 795 request
2022-04-08 04:03:23,839-INFO-display_server.py:189 response image 796 request
2022-04-08 04:03:23,882-INFO-display_server.py:189 response image 797 request
2022-04-08 04:03:23,925-INFO-display_server.py:189 response image 798 request
2022-04-08 04:03:23,968-INFO-display_server.py:189 response image 799 request
2022-04-08 04:03:24,010-INFO-display_server.py:189 response image 800 request
2022-04-08 04:03:24,054-INFO-display_server.py:189 response image 801 request
2022-04-08 04:03:24,099-INFO-display_server.py:189 response image 802 request
2022-04-08 04:03:24,141-INFO-display_server.py:189 response image 803 request
2022-04-08 04:03:24,185-INFO-display_server.py:189 response image 804 request
2022-04-08 04:03:24,229-INFO-display_server.py:189 response image 805 request
2022-04-08 04:03:24,274-INFO-display_server.py:189 response image 806 request
2022-04-08 04:03:24,318-INFO-display_server.py:189 response image 807 request
2022-04-08 04:03:24,363-INFO-display_server.py:189 response image 808 request
2022-04-08 04:03:24,407-INFO-display_server.py:189 response image 809 request
2022-04-08 04:03:24,450-INFO-display_server.py:189 response image 810 request
2022-04-08 04:03:24,492-INFO-display_server.py:189 response image 811 request
2022-04-08 04:03:24,537-INFO-display_server.py:189 response image 812 request
2022-04-08 04:03:24,582-INFO-display_server.py:189 response image 813 request
2022-04-08 04:03:24,624-INFO-display_server.py:189 response image 814 request
2022-04-08 04:03:24,667-INFO-display_server.py:189 response image 815 request
2022-04-08 04:03:24,711-INFO-display_server.py:189 response image 816 request
2022-04-08 04:03:24,753-INFO-display_server.py:189 response image 817 request
2022-04-08 04:03:24,796-INFO-display_server.py:189 response image 818 request
2022-04-08 04:03:25,748-ERROR-presenter_socket_server.py:142 socket 10 receive msg head null
2022-04-08 04:03:25,748-ERROR-presenter_socket_server.py:204 msg_total_len is None.
2022-04-08 04:03:25,749-INFO-display_server.py:61 clean fd:10, conns:{10: <socket.socket fd=10, family=AddressFamily.AF_INET, type=SocketKind.SOCK_STREAM, proto=0, laddr=('192.168.0.2', 7006), raddr=('192.168.0.2', 53158)>}
2022-04-08 04:03:25,749-INFO-channel_handler.py:124 videothread-object set _close_thread_switch True
2022-04-08 04:03:25,750-INFO-channel_manager.py:139 clean channel: object's resource
2022-04-08 04:03:25,761-INFO-channel_handler.py:226 Stop thread:videothread-object.
2022-04-08 23:19:41,184-INFO-presenter_socket_server.py:254 create new connection:client-ip:192.168.0.2, client-port:48834, fd:10
2022-04-08 23:19:41,339-ERROR-presenter_socket_server.py:354 channel name person is not exist.
2022-04-08 23:19:41,358-INFO-channel_manager.py:216 register channel: person
2022-04-08 23:19:41,411-INFO-channel_handler.py:215 create videothread-person...
2022-04-08 23:19:41,414-INFO-channel_manager.py:127 create channel resource, channel_name:person, channel_fd:10, media_type:video
2022-04-08 23:19:46,508-ERROR-presenter_socket_server.py:142 socket 10 receive msg head null
2022-04-08 23:19:46,509-ERROR-presenter_socket_server.py:204 msg_total_len is None.
2022-04-08 23:19:46,510-INFO-display_server.py:61 clean fd:10, conns:{10: <socket.socket fd=10, family=AddressFamily.AF_INET, type=SocketKind.SOCK_STREAM, proto=0, laddr=('192.168.0.2', 7006), raddr=('192.168.0.2', 48834)>}
2022-04-08 23:19:46,524-INFO-channel_handler.py:124 videothread-person set _close_thread_switch True
2022-04-08 23:19:46,526-INFO-channel_manager.py:139 clean channel: person's resource
2022-04-08 23:19:46,529-INFO-channel_handler.py:226 Stop thread:videothread-person.
